SF:lib/src/framework.dart
DA:86,2
DA:95,2
DA:96,2
DA:103,3
DA:112,2
DA:113,2
DA:120,2
DA:122,2
DA:124,8
DA:127,2
DA:128,4
DA:133,2
DA:140,2
DA:141,4
DA:142,2
DA:146,2
DA:150,2
DA:152,2
DA:153,2
DA:154,2
DA:160,2
DA:166,2
DA:167,2
DA:169,2
DA:174,2
DA:179,2
DA:180,14
DA:182,2
DA:183,9
DA:187,4
DA:189,2
DA:191,2
DA:193,0
DA:195,4
DA:197,10
DA:198,6
DA:202,2
DA:204,2
DA:205,2
DA:206,4
DA:208,2
DA:210,4
DA:211,4
DA:214,2
DA:217,2
DA:219,2
DA:220,8
DA:221,2
DA:222,6
DA:223,2
DA:224,4
DA:225,2
DA:226,4
DA:229,2
DA:230,4
DA:238,0
DA:239,0
DA:247,0
DA:249,0
DA:250,0
DA:251,0
DA:254,0
DA:255,0
DA:256,0
DA:259,0
DA:260,0
DA:261,0
DA:262,0
DA:263,0
DA:264,0
DA:270,2
DA:271,2
DA:272,0
DA:274,0
DA:277,4
DA:280,8
DA:285,8
DA:286,2
DA:289,4
DA:291,8
DA:294,4
DA:297,8
DA:298,4
DA:299,4
DA:303,0
DA:304,0
DA:305,0
DA:307,4
DA:310,4
DA:312,4
DA:313,4
DA:316,4
DA:318,4
DA:319,8
DA:320,8
DA:323,4
DA:325,4
DA:326,8
DA:327,0
DA:331,0
DA:333,0
DA:335,0
DA:336,0
DA:337,0
DA:338,0
DA:342,4
DA:344,4
DA:345,4
DA:346,4
DA:350,4
DA:353,4
DA:354,4
DA:357,4
DA:358,4
DA:361,4
DA:362,2
DA:363,4
DA:364,2
DA:374,4
DA:379,4
DA:380,2
DA:381,4
DA:382,1
DA:383,2
DA:385,2
DA:387,4
DA:388,2
DA:393,4
DA:397,2
DA:400,1
DA:401,1
DA:402,1
DA:405,2
DA:407,2
DA:408,2
DA:413,2
DA:416,4
DA:417,2
DA:420,0
DA:421,0
DA:422,0
DA:423,0
DA:427,2
DA:431,2
DA:432,2
DA:436,2
DA:438,2
DA:439,2
DA:440,4
DA:445,2
DA:447,2
DA:448,6
DA:457,1
DA:459,1
DA:461,2
DA:466,2
DA:468,1
DA:470,2
DA:473,2
DA:474,8
DA:476,2
DA:477,4
DA:481,0
DA:489,0
DA:491,0
DA:492,0
DA:495,0
DA:496,0
DA:498,0
DA:499,0
DA:507,1
DA:509,2
DA:512,3
DA:514,6
DA:517,6
DA:518,1
DA:519,2
DA:521,1
DA:523,1
DA:524,2
DA:531,5
DA:532,2
DA:535,6
DA:539,1
DA:541,1
DA:544,3
DA:546,6
DA:549,6
DA:553,2
DA:555,1
DA:557,1
DA:558,2
DA:563,4
DA:564,0
DA:566,4
DA:570,2
DA:572,2
DA:575,2
DA:580,2
DA:582,6
DA:583,6
DA:584,6
DA:589,2
DA:591,4
DA:593,2
DA:594,2
DA:595,1
DA:596,1
DA:603,4
DA:606,3
DA:609,4
DA:612,1
DA:613,2
DA:616,2
DA:617,2
DA:620,2
DA:626,1
DA:630,1
DA:631,4
DA:633,1
DA:634,5
DA:636,0
DA:637,0
DA:640,0
DA:646,1
DA:648,1
DA:650,1
DA:651,1
DA:656,0
DA:658,2
DA:659,3
DA:663,0
DA:665,0
DA:669,0
DA:670,0
DA:677,1
DA:678,2
DA:679,3
DA:680,1
DA:682,1
DA:691,1
DA:692,2
DA:693,1
DA:698,2
DA:702,1
DA:703,4
DA:706,1
DA:707,3
DA:708,2
DA:711,2
DA:713,4
DA:714,2
DA:715,2
DA:716,4
DA:718,2
DA:723,2
DA:726,2
DA:727,2
DA:731,2
DA:734,2
DA:736,6
DA:741,2
DA:743,0
DA:747,0
DA:748,0
DA:749,0
DA:750,0
DA:751,0
DA:753,0
DA:756,0
DA:757,0
DA:760,0
DA:761,0
DA:766,0
DA:767,0
DA:770,1
DA:771,1
DA:774,1
DA:775,2
DA:777,0
DA:778,0
DA:780,2
DA:781,0
DA:784,0
DA:785,0
DA:786,0
DA:787,0
DA:794,0
DA:795,0
DA:796,0
DA:799,0
DA:800,0
DA:801,0
DA:802,0
DA:805,0
DA:808,0
DA:811,0
DA:814,0
DA:815,0
DA:816,0
DA:819,0
DA:822,0
DA:823,0
DA:828,2
DA:830,1
DA:831,2
DA:834,1
DA:838,2
DA:839,2
DA:843,1
DA:844,1
DA:847,1
DA:848,2
DA:849,2
DA:850,1
DA:853,1
DA:854,2
DA:857,1
DA:858,2
DA:861,0
DA:862,0
DA:863,0
DA:864,0
DA:865,0
DA:866,0
DA:867,0
DA:871,0
DA:880,0
DA:881,0
DA:882,0
DA:883,0
DA:884,0
DA:885,0
DA:893,2
DA:894,4
DA:895,2
DA:896,2
DA:898,0
DA:901,2
DA:902,4
DA:903,2
DA:904,0
DA:906,4
DA:909,1
DA:910,2
DA:911,1
DA:912,1
DA:919,0
DA:920,0
DA:921,0
DA:923,0
DA:931,2
DA:932,4
DA:933,2
DA:934,2
DA:942,0
DA:943,0
DA:944,0
DA:945,0
DA:946,0
DA:947,0
DA:948,0
DA:949,0
DA:950,0
DA:951,0
DA:952,0
DA:954,0
LF:367
LH:250
end_of_record
SF:lib/src/selector/node.dart
DA:6,1
DA:8,4
DA:10,0
DA:27,1
DA:29,1
DA:31,3
DA:37,1
DA:39,1
DA:41,3
DA:48,1
DA:50,1
DA:51,2
DA:53,1
DA:55,3
DA:56,4
DA:58,0
DA:61,1
DA:62,6
DA:64,1
DA:66,3
DA:67,4
DA:69,0
DA:72,1
DA:73,6
DA:75,1
DA:76,4
DA:78,0
DA:81,0
DA:84,1
DA:85,3
DA:87,0
DA:90,1
DA:92,0
DA:93,2
DA:96,0
DA:97,0
DA:101,6
DA:104,0
DA:105,0
DA:106,1
DA:107,5
DA:108,0
DA:109,0
DA:110,0
DA:112,0
DA:114,0
DA:116,0
DA:118,0
DA:120,0
DA:123,0
DA:125,0
DA:126,0
DA:127,0
DA:131,0
DA:134,0
DA:135,0
DA:141,4
DA:143,1
DA:144,1
DA:147,1
DA:149,4
DA:151,8
DA:152,12
DA:153,4
DA:154,6
DA:156,4
DA:159,0
DA:161,0
DA:162,0
DA:163,0
DA:164,0
DA:165,0
DA:166,0
DA:170,0
DA:171,0
DA:175,4
DA:177,4
DA:178,4
DA:179,6
DA:181,12
DA:182,4
DA:185,4
DA:187,4
DA:188,7
DA:191,1
DA:192,2
DA:197,0
DA:198,0
LF:88
LH:51
end_of_record
SF:lib/src/mvc.dart
DA:11,4
DA:12,3
DA:13,1
DA:14,1
DA:19,1
DA:21,1
DA:23,0
DA:26,1
DA:29,1
DA:33,0
DA:35,1
DA:36,2
DA:40,0
DA:41,0
DA:48,2
DA:50,1
DA:54,1
DA:55,1
DA:57,1
DA:58,2
DA:61,1
DA:62,2
DA:67,1
DA:68,1
DA:72,0
DA:73,0
DA:76,1
DA:77,2
DA:78,1
DA:79,2
DA:81,1
DA:84,1
DA:85,3
DA:88,1
DA:91,1
DA:92,2
DA:95,0
DA:98,0
DA:99,0
DA:102,1
DA:105,1
DA:106,2
DA:109,1
DA:111,2
DA:114,1
DA:117,5
DA:118,1
DA:119,1
DA:120,1
DA:121,1
DA:122,2
DA:123,1
DA:124,1
DA:125,1
DA:128,1
DA:129,2
DA:131,1
DA:136,2
DA:137,0
DA:143,0
DA:145,0
DA:146,0
DA:154,1
DA:156,1
DA:157,2
DA:161,1
DA:162,5
LF:67
LH:54
end_of_record
SF:lib/src/selector.dart
DA:4,1
DA:5,0
DA:6,2
DA:7,1
DA:11,0
DA:12,0
DA:15,0
DA:16,0
DA:17,0
LF:9
LH:3
end_of_record
SF:lib/src/ticker_provider.dart
DA:10,0
DA:12,0
DA:13,0
DA:14,0
DA:15,0
DA:16,0
DA:17,0
DA:23,0
DA:24,0
DA:25,0
DA:26,0
DA:27,0
DA:30,0
DA:32,0
DA:33,0
DA:34,0
DA:35,0
DA:36,0
DA:37,0
DA:41,0
DA:46,0
DA:48,0
DA:49,0
DA:50,0
DA:51,0
DA:56,0
DA:58,0
DA:59,0
DA:60,0
DA:63,0
DA:64,0
DA:65,0
DA:69,0
DA:70,0
DA:71,0
DA:74,0
DA:75,0
DA:76,0
DA:84,0
DA:86,0
DA:87,0
DA:89,0
DA:90,0
DA:91,0
DA:92,0
DA:96,0
DA:97,0
DA:98,0
DA:99,0
DA:104,0
DA:106,0
DA:107,0
DA:108,0
DA:111,0
DA:112,0
DA:113,0
DA:114,0
DA:115,0
DA:120,0
DA:121,0
DA:122,0
DA:125,0
DA:126,0
DA:127,0
DA:130,0
DA:132,0
DA:133,0
DA:134,0
DA:135,0
DA:136,0
DA:137,0
DA:138,0
DA:139,0
DA:143,0
DA:148,0
DA:154,0
DA:155,0
DA:156,0
DA:157,0
DA:162,0
DA:166,0
DA:168,0
DA:169,0
LF:83
LH:0
end_of_record
SF:lib/src/widget.dart
DA:26,1
DA:28,1
DA:30,2
DA:46,0
DA:61,1
DA:76,0
DA:114,0
DA:117,0
DA:118,0
DA:122,0
DA:124,0
LF:11
LH:4
end_of_record
SF:lib/src/selector/query_selector.dart
DA:9,0
DA:11,3
DA:13,1
DA:17,1
DA:18,1
DA:19,3
DA:24,1
DA:25,1
DA:26,1
DA:27,1
DA:28,0
DA:37,1
DA:38,1
DA:39,1
DA:42,1
DA:43,3
DA:44,1
DA:45,1
DA:46,1
DA:53,1
DA:54,3
DA:55,2
DA:56,1
DA:57,1
DA:62,1
DA:63,3
DA:65,1
DA:67,1
DA:72,3
DA:74,2
DA:76,1
DA:80,3
DA:81,3
DA:83,1
DA:84,0
DA:88,0
DA:89,0
DA:91,0
DA:98,1
DA:99,1
DA:102,0
DA:104,1
DA:107,0
DA:109,1
DA:110,1
DA:113,1
DA:115,1
DA:118,0
DA:121,1
DA:127,1
DA:131,0
DA:132,0
DA:134,0
DA:136,0
DA:138,0
DA:142,0
DA:145,0
DA:148,0
DA:149,0
DA:152,0
DA:153,0
DA:156,0
DA:157,0
DA:160,0
DA:161,0
DA:164,0
DA:165,0
DA:168,0
DA:169,0
DA:171,0
DA:178,0
DA:180,0
DA:183,0
DA:186,0
DA:188,0
DA:191,0
DA:193,0
DA:194,0
DA:195,0
DA:196,0
DA:203,0
DA:204,0
DA:206,0
DA:208,0
DA:212,0
DA:214,0
DA:215,0
DA:216,0
DA:217,0
DA:218,0
DA:223,0
DA:226,0
DA:227,0
DA:229,0
DA:231,0
DA:234,0
DA:236,0
DA:238,0
DA:243,0
DA:246,0
DA:248,0
DA:250,0
DA:252,0
DA:255,1
DA:256,6
DA:258,1
DA:259,4
DA:261,1
DA:262,4
DA:267,0
DA:268,0
DA:270,1
DA:273,5
DA:276,2
DA:278,2
DA:279,1
DA:280,2
DA:281,0
DA:282,0
DA:283,0
DA:284,0
DA:285,0
DA:286,0
LF:123
LH:53
end_of_record
